make all --print-data-base --no-builtin-variables --no-builtin-rules --question
# GNU Make 4.3
# Built for x86_64-pc-linux-gnu
# Copyright (C) 1988-2020 Free Software Foundation, Inc.
# License GPLv3+: GNU GPL version 3 or later <http://gnu.org/licenses/gpl.html>
# This is free software: you are free to change and redistribute it.
# There is NO WARRANTY, to the extent permitted by law.

# Make data base, printed on Wed Apr 20 10:52:39 2022

# Variables

# environment
GDK_BACKEND = x11
# environment
LC_ALL = C
# environment
GTK_RC_FILES = /etc/gtk/gtkrc:/home/lth/.gtkrc:/home/lth/.config/gtkrc
# environment
IDF_PATH = /home/lth/esp/esp-idf
# environment
VSCODE_IPC_HOOK_EXTHOST = /run/user/1000/vscode-ipc-82d93c0d-0293-4a35-bb15-c488ef6e1d36.sock
# environment
VSCODE_CWD = /home/lth
# default
MAKE_COMMAND := make
# environment
HISTFILE = /home/lth/.bash_eternal_history
# environment
QT_ACCESSIBILITY = 1
# automatic
@D = $(patsubst %/,%,$(dir $@))
# environment
VSCODE_HANDLES_UNCAUGHT_ERRORS = true
# default
.VARIABLES := 
# environment
PWD = /home/lth/src/canokey-stm32
# automatic
%D = $(patsubst %/,%,$(dir $%))
# environment
XDG_DATA_DIRS = /home/lth/.local/share/flatpak/exports/share:/var/lib/flatpak/exports/share:/usr/local/share:/usr/share
# environment
HISTTIMEFORMAT = [%F %T] 
# automatic
^D = $(patsubst %/,%,$(dir $^))
# environment
VSCODE_LOG_STACK = false
# automatic
%F = $(notdir $%)
# environment
VSCODE_CODE_CACHE_PATH = /home/lth/.config/Code/CachedData/e18005f0f1b33c29e81d732535d8c0e47cafb0b5
# environment
XDG_SESSION_PATH = /org/freedesktop/DisplayManager/Session1
# environment
LANG = C
# environment
XAUTHORITY = /home/lth/.Xauthority
# default
.LOADED := 
# default
.INCLUDE_DIRS = /usr/local/include /usr/include /usr/include
# makefile
MAKEFLAGS = pqrR
# makefile
CURDIR := /home/lth/src/canokey-stm32
# environment
VSCODE_PIPE_LOGGING = true
# environment
APPLICATION_INSIGHTS_NO_DIAGNOSTIC_CHANNEL = 1
# automatic
*D = $(patsubst %/,%,$(dir $*))
# environment
JACK_SERVER_VM_ARGUMENTS = -Dfile.encoding=UTF-8 -XX:+TieredCompilation -Xmx4096m
# environment
PAM_KWALLET5_LOGIN = /run/user/1000/kwallet5.socket
# environment
MFLAGS = -pqrR
# environment
SSH_AUTH_SOCK = /tmp/ssh-XXXXXX22Dprv/agent.5885
# default
.SHELLFLAGS := -c
# environment
HISTSIZE = 
# environment
XDG_CONFIG_DIRS = /home/lth/.config/kdedefaults:/etc/xdg
# automatic
+D = $(patsubst %/,%,$(dir $+))
# environment
XCURSOR_THEME = breeze_cursors
# environment
XDG_SESSION_DESKTOP = KDE
# makefile
MAKEFILE_LIST := 
# automatic
@F = $(notdir $@)
# environment
VSCODE_VERBOSE_LOGGING = true
# environment
VSCODE_PID = 723668
# environment
XDG_SESSION_TYPE = x11
# automatic
?D = $(patsubst %/,%,$(dir $?))
# environment
SESSION_MANAGER = local/ncpws04:@/tmp/.ICE-unix/6023,unix/ncpws04:/tmp/.ICE-unix/6023
# automatic
*F = $(notdir $*)
# environment
CHROME_DESKTOP = code-url-handler.desktop
# environment
DBUS_SESSION_BUS_ADDRESS = unix:path=/run/user/1000/bus
# automatic
<D = $(patsubst %/,%,$(dir $<))
# environment
VSCODE_NLS_CONFIG = {"locale":"en-us","availableLanguages":{},"_languagePackSupport":true}
# environment
HISTFILESIZE = 
# default
MAKE_HOST := x86_64-pc-linux-gnu
# makefile
SHELL = /bin/sh
# default
MAKECMDGOALS := all
# environment
SHLVL = 0
# environment
PICO_SDK_PATH = /home/lth/src/pico-sdk
# environment
MAKELEVEL := 0
# default
MAKE = $(MAKE_COMMAND)
# environment
PATH = /home/lth/bin:/home/lth/.cargo/bin:/home/lth/.yarn/bin:/home/lth/.config/yarn/global/node_modules/.bin:/home/lth/bin:./node_modules/.bin:/home/lth/stm/STM32CubeProgrammer/bin:/home/lth/esp/xtensa-esp32-elf/bin:/home/lth/.mos/bin:/home/lth/.local/bin:/usr/local/bin:/usr/bin:/bin:/usr/local/games:/usr/games
# default
MAKEFILES := 
# environment
LANGUAGE = en_US
# environment
CCACHE_COMPRESS = 1
# environment
ANDROID_EMULATOR_USE_SYSTEM_LIBS = 1
# automatic
^F = $(notdir $^)
# environment
LC_TIME = en_GB.UTF-8
# environment
VSCODE_LOG_NATIVE = false
# automatic
?F = $(notdir $?)
# environment
KDE_APPLICATIONS_AS_SCOPE = 1
# environment
XDG_SEAT = seat0
# environment
XDG_CURRENT_DESKTOP = KDE
# environment
LS_COLORS = 
# automatic
+F = $(notdir $+)
# environment
XDG_SEAT_PATH = /org/freedesktop/DisplayManager/Seat0
# environment
DESKTOP_SESSION = plasma
# environment
ORIGINAL_XDG_CURRENT_DESKTOP = KDE
# 'override' directive
GNUMAKEFLAGS := 
# environment
LOGNAME = lth
# environment
XDG_VTNR = 7
# makefile
.DEFAULT_GOAL := 
# environment
SYSTEMD_EXEC_PID = 5850
# environment
DISPLAY = :0
# environment
USER = lth
# environment
GTK_MODULES = gail:atk-bridge
# default
MAKE_VERSION := 4.3
# environment
KDE_SESSION_UID = 1000
# environment
MDF_PATH = /home/lth/esp/esp-mdf
# environment
USE_CCACHE = 1
# environment
SSH_AGENT_PID = 5961
# environment
_ = /usr/share/code/code
# environment
XDG_RUNTIME_DIR = /run/user/1000
# environment
GPG_AGENT_INFO = /run/user/1000/gnupg/S.gpg-agent:0:1
# environment
XDG_SESSION_CLASS = user
# environment
VSCODE_AMD_ENTRYPOINT = vs/workbench/api/node/extensionHostProcess
# environment
GTK2_RC_FILES = /etc/gtk-2.0/gtkrc:/home/lth/.gtkrc-2.0:/home/lth/.config/gtkrc-2.0
# environment
HOME = /home/lth
# environment
ELECTRON_RUN_AS_NODE = 1
# environment
VSCODE_IPC_HOOK = /run/user/1000/vscode-1380cd87-1.66.0-main.sock
# environment
XDG_SESSION_ID = 9
# environment
XCURSOR_SIZE = 24
# default
.RECIPEPREFIX := 
# automatic
<F = $(notdir $<)
# default
SUFFIXES := 
# environment
QT_AUTO_SCREEN_SCALE_FACTOR = 0
# environment
IOT_SOLUTION_PATH = /home/lth/esp/esp-iot-solution
# environment
KDE_SESSION_VERSION = 5
# default
.FEATURES := target-specific order-only second-expansion else-if shortest-stem undefine oneshell nocomment grouped-target extra-prereqs archives jobserver output-sync check-symlink load
# environment
KDE_FULL_SESSION = true
# variable set hash-table stats:
# Load=109/1024=11%, Rehash=0, Collisions=4/136=3%

# Pattern-specific Variable Values

# No pattern-specific variable values.

# Directories

# . (device 64775, inode 8765909): 24 files, no impossibilities.

# 24 files, no impossibilities in 1 directories.

# Implicit Rules

# No implicit rules.

# Files

# Not a target:
Makefile:
#  Implicit rule search has been done.
#  File does not exist.
#  File has been updated.
#  Failed to be updated.

# Not a target:
.DEFAULT:
#  Implicit rule search has not been done.
#  Modification time never checked.
#  File has not been updated.

# Not a target:
all:
#  Command line target.
#  Implicit rule search has been done.
#  File does not exist.
#  File has not been updated.

# Not a target:
makefile:
#  Implicit rule search has been done.
#  File does not exist.
#  File has been updated.
#  Failed to be updated.

# Not a target:
GNUmakefile:
#  Implicit rule search has been done.
#  File does not exist.
#  File has been updated.
#  Failed to be updated.

# files hash-table stats:
# Load=6/1024=1%, Rehash=0, Collisions=0/15=0%
# VPATH Search Paths

 
make: *** No rule to make target 'all'.  Stop.

# No 'vpath' search paths.

# No general ('VPATH' variable) search path.

# strcache buffers: 1 (0) / strings = 32 / storage = 315 B / avg = 9 B
# current buf: size = 8162 B / used = 315 B / count = 32 / avg = 9 B

# strcache performance: lookups = 35 / hit rate = 8%
# hash-table stats:
# Load=32/8192=0%, Rehash=0, Collisions=0/35=0%
# Finished Make data base on Wed Apr 20 10:52:39 2022

 
